<?xml version="1.0" encoding="UTF-8"?>
<!-- Generated by org.testng.reporters.JUnitReportReporter -->
<testsuite hostname="IN-C38Z9K3" failures="0" tests="1" name="HomePageModules.SearchActivity" time="17.153" errors="0" timestamp="2023-04-14T10:32:09 IST" skipped="0">
  <testcase classname="HomePageModules.SearchActivity" name="search" time="17.153"/>
  <system-out/>
</testsuite> <!-- HomePageModules.SearchActivity -->
